mode: set
github.com/MichaelSitanggang/MiniProjectGo/middlewares/auth.go:12.48,23.2 3 0
github.com/MichaelSitanggang/MiniProjectGo/middlewares/auth.go:25.53,26.118 1 0
github.com/MichaelSitanggang/MiniProjectGo/middlewares/auth.go:26.118,28.3 1 0
github.com/MichaelSitanggang/MiniProjectGo/middlewares/auth.go:29.2,29.16 1 0
github.com/MichaelSitanggang/MiniProjectGo/middlewares/auth.go:29.16,31.3 1 0
github.com/MichaelSitanggang/MiniProjectGo/middlewares/auth.go:34.2,35.25 2 0
github.com/MichaelSitanggang/MiniProjectGo/middlewares/auth.go:35.25,37.3 1 0
github.com/MichaelSitanggang/MiniProjectGo/middlewares/auth.go:40.2,41.16 2 0
github.com/MichaelSitanggang/MiniProjectGo/middlewares/auth.go:41.16,43.3 1 0
github.com/MichaelSitanggang/MiniProjectGo/middlewares/auth.go:46.2,46.20 1 0
github.com/MichaelSitanggang/MiniProjectGo/middlewares/jwtmidleware.go:10.39,11.30 1 0
github.com/MichaelSitanggang/MiniProjectGo/middlewares/jwtmidleware.go:11.30,15.58 2 0
github.com/MichaelSitanggang/MiniProjectGo/middlewares/jwtmidleware.go:15.58,19.4 3 0
github.com/MichaelSitanggang/MiniProjectGo/middlewares/jwtmidleware.go:20.3,23.17 3 0
github.com/MichaelSitanggang/MiniProjectGo/middlewares/jwtmidleware.go:23.17,27.4 3 0
github.com/MichaelSitanggang/MiniProjectGo/middlewares/jwtmidleware.go:28.3,29.11 2 0
github.com/MichaelSitanggang/MiniProjectGo/config/database.go:13.22,14.40 1 0
github.com/MichaelSitanggang/MiniProjectGo/config/database.go:14.40,16.3 1 0
github.com/MichaelSitanggang/MiniProjectGo/config/database.go:17.2,17.12 1 0
github.com/MichaelSitanggang/MiniProjectGo/config/database.go:20.32,31.16 4 0
github.com/MichaelSitanggang/MiniProjectGo/config/database.go:31.16,32.13 1 0
github.com/MichaelSitanggang/MiniProjectGo/config/database.go:34.2,35.11 2 0
github.com/MichaelSitanggang/MiniProjectGo/controllers/InputControl.go:16.65,18.2 1 0
github.com/MichaelSitanggang/MiniProjectGo/controllers/InputControl.go:20.62,22.13 2 0
github.com/MichaelSitanggang/MiniProjectGo/controllers/InputControl.go:22.13,25.3 2 0
github.com/MichaelSitanggang/MiniProjectGo/controllers/InputControl.go:26.2,27.9 2 0
github.com/MichaelSitanggang/MiniProjectGo/controllers/InputControl.go:27.9,30.3 2 0
github.com/MichaelSitanggang/MiniProjectGo/controllers/InputControl.go:31.2,32.16 2 0
github.com/MichaelSitanggang/MiniProjectGo/controllers/InputControl.go:32.16,35.3 2 0
github.com/MichaelSitanggang/MiniProjectGo/controllers/InputControl.go:36.2,36.93 1 0
github.com/MichaelSitanggang/MiniProjectGo/controllers/InputControl.go:39.58,43.49 4 0
github.com/MichaelSitanggang/MiniProjectGo/controllers/InputControl.go:43.49,46.3 2 0
github.com/MichaelSitanggang/MiniProjectGo/controllers/InputControl.go:47.2,48.64 2 0
github.com/MichaelSitanggang/MiniProjectGo/controllers/InputControl.go:48.64,51.3 2 0
github.com/MichaelSitanggang/MiniProjectGo/controllers/InputControl.go:52.2,52.111 1 0
github.com/MichaelSitanggang/MiniProjectGo/controllers/InputControl.go:55.58,57.10 2 0
github.com/MichaelSitanggang/MiniProjectGo/controllers/InputControl.go:57.10,60.3 2 0
github.com/MichaelSitanggang/MiniProjectGo/controllers/InputControl.go:61.2,65.61 4 0
github.com/MichaelSitanggang/MiniProjectGo/controllers/InputControl.go:65.61,68.3 2 0
github.com/MichaelSitanggang/MiniProjectGo/controllers/InputControl.go:70.2,70.81 1 0
github.com/MichaelSitanggang/MiniProjectGo/controllers/InputControl.go:70.81,73.3 2 0
github.com/MichaelSitanggang/MiniProjectGo/controllers/InputControl.go:74.2,74.104 1 0
github.com/MichaelSitanggang/MiniProjectGo/controllers/InputControl.go:77.58,80.9 3 0
github.com/MichaelSitanggang/MiniProjectGo/controllers/InputControl.go:80.9,83.3 2 0
github.com/MichaelSitanggang/MiniProjectGo/controllers/InputControl.go:84.2,85.70 2 0
github.com/MichaelSitanggang/MiniProjectGo/controllers/InputControl.go:85.70,88.3 2 0
github.com/MichaelSitanggang/MiniProjectGo/controllers/InputControl.go:89.2,89.100 1 0
github.com/MichaelSitanggang/MiniProjectGo/controllers/InputControl.go:92.55,94.13 2 0
github.com/MichaelSitanggang/MiniProjectGo/controllers/InputControl.go:94.13,97.3 2 0
github.com/MichaelSitanggang/MiniProjectGo/controllers/InputControl.go:98.2,99.9 2 0
github.com/MichaelSitanggang/MiniProjectGo/controllers/InputControl.go:99.9,102.3 2 0
github.com/MichaelSitanggang/MiniProjectGo/controllers/InputControl.go:103.2,104.16 2 0
github.com/MichaelSitanggang/MiniProjectGo/controllers/InputControl.go:104.16,107.3 2 0
github.com/MichaelSitanggang/MiniProjectGo/controllers/InputControl.go:108.2,108.89 1 0
github.com/MichaelSitanggang/MiniProjectGo/controllers/aktivitas.go:14.73,16.2 1 0
github.com/MichaelSitanggang/MiniProjectGo/controllers/aktivitas.go:18.55,20.16 2 0
github.com/MichaelSitanggang/MiniProjectGo/controllers/aktivitas.go:20.16,23.3 2 0
github.com/MichaelSitanggang/MiniProjectGo/controllers/aktivitas.go:24.2,24.50 1 0
github.com/MichaelSitanggang/MiniProjectGo/controllers/chatController.go:15.74,17.2 1 0
github.com/MichaelSitanggang/MiniProjectGo/controllers/chatController.go:19.58,23.49 2 0
github.com/MichaelSitanggang/MiniProjectGo/controllers/chatController.go:23.49,26.3 2 0
github.com/MichaelSitanggang/MiniProjectGo/controllers/chatController.go:27.2,28.16 2 0
github.com/MichaelSitanggang/MiniProjectGo/controllers/chatController.go:28.16,31.3 2 0
github.com/MichaelSitanggang/MiniProjectGo/controllers/chatController.go:32.2,32.86 1 0
github.com/MichaelSitanggang/MiniProjectGo/controllers/chatController.go:35.55,37.16 2 0
github.com/MichaelSitanggang/MiniProjectGo/controllers/chatController.go:37.16,40.3 2 0
github.com/MichaelSitanggang/MiniProjectGo/controllers/chatController.go:41.2,41.87 1 0
github.com/MichaelSitanggang/MiniProjectGo/controllers/userController.go:16.66,18.2 1 0
github.com/MichaelSitanggang/MiniProjectGo/controllers/userController.go:20.56,22.56 2 0
github.com/MichaelSitanggang/MiniProjectGo/controllers/userController.go:22.56,25.3 2 0
github.com/MichaelSitanggang/MiniProjectGo/controllers/userController.go:26.2,26.55 1 0
github.com/MichaelSitanggang/MiniProjectGo/controllers/userController.go:26.55,29.3 2 0
github.com/MichaelSitanggang/MiniProjectGo/controllers/userController.go:30.2,30.119 1 0
github.com/MichaelSitanggang/MiniProjectGo/controllers/userController.go:33.53,40.62 2 0
github.com/MichaelSitanggang/MiniProjectGo/controllers/userController.go:40.62,43.3 2 0
github.com/MichaelSitanggang/MiniProjectGo/controllers/userController.go:45.2,46.16 2 0
github.com/MichaelSitanggang/MiniProjectGo/controllers/userController.go:46.16,49.3 2 0
github.com/MichaelSitanggang/MiniProjectGo/controllers/userController.go:51.2,52.16 2 0
github.com/MichaelSitanggang/MiniProjectGo/controllers/userController.go:52.16,55.3 2 0
github.com/MichaelSitanggang/MiniProjectGo/controllers/userController.go:56.2,56.85 1 0
github.com/MichaelSitanggang/MiniProjectGo/repositories/mocks/aktivitas_repo.go:12.89,15.2 2 0
github.com/MichaelSitanggang/MiniProjectGo/repositories/mocks/aktivitas_repo.go:17.85,20.2 2 0
github.com/MichaelSitanggang/MiniProjectGo/repositories/mocks/aktivitas_repo.go:22.84,25.2 2 0
github.com/MichaelSitanggang/MiniProjectGo/repositories/mocks/aktivitas_repo.go:27.84,30.2 2 0
github.com/MichaelSitanggang/MiniProjectGo/repositories/mocks/aktivitas_repo.go:32.67,35.2 2 0
github.com/MichaelSitanggang/MiniProjectGo/repositories/mocks/aktivitas_repo.go:37.72,40.2 2 0
github.com/MichaelSitanggang/MiniProjectGo/repositories/mocks/aktivitas_repo.go:42.87,45.2 2 0
github.com/MichaelSitanggang/MiniProjectGo/main.go:11.13,31.2 14 0
github.com/MichaelSitanggang/MiniProjectGo/repositories/chat_repo.go:18.40,20.2 1 0
github.com/MichaelSitanggang/MiniProjectGo/repositories/chat_repo.go:22.55,24.2 1 0
github.com/MichaelSitanggang/MiniProjectGo/repositories/chat_repo.go:26.58,30.2 3 0
github.com/MichaelSitanggang/MiniProjectGo/repositories/repo_aktivitas.go:16.50,18.2 1 0
github.com/MichaelSitanggang/MiniProjectGo/repositories/repo_aktivitas.go:20.74,23.16 3 0
github.com/MichaelSitanggang/MiniProjectGo/repositories/repo_aktivitas.go:23.16,25.3 1 0
github.com/MichaelSitanggang/MiniProjectGo/repositories/repo_aktivitas.go:26.2,26.23 1 0
github.com/MichaelSitanggang/MiniProjectGo/repositories/repo_inptaktip.go:22.50,24.2 1 0
github.com/MichaelSitanggang/MiniProjectGo/repositories/repo_inptaktip.go:26.89,28.82 2 0
github.com/MichaelSitanggang/MiniProjectGo/repositories/repo_inptaktip.go:28.82,30.3 1 0
github.com/MichaelSitanggang/MiniProjectGo/repositories/repo_inptaktip.go:31.2,31.23 1 0
github.com/MichaelSitanggang/MiniProjectGo/repositories/repo_inptaktip.go:34.85,36.98 2 0
github.com/MichaelSitanggang/MiniProjectGo/repositories/repo_inptaktip.go:36.98,38.3 1 0
github.com/MichaelSitanggang/MiniProjectGo/repositories/repo_inptaktip.go:39.2,39.24 1 0
github.com/MichaelSitanggang/MiniProjectGo/repositories/repo_inptaktip.go:41.84,43.2 1 0
github.com/MichaelSitanggang/MiniProjectGo/repositories/repo_inptaktip.go:45.84,47.2 1 0
github.com/MichaelSitanggang/MiniProjectGo/repositories/repo_inptaktip.go:49.67,52.2 2 0
github.com/MichaelSitanggang/MiniProjectGo/repositories/repo_inptaktip.go:54.72,56.2 1 0
github.com/MichaelSitanggang/MiniProjectGo/repositories/repo_inptaktip.go:58.87,61.16 3 0
github.com/MichaelSitanggang/MiniProjectGo/repositories/repo_inptaktip.go:61.16,63.3 1 0
github.com/MichaelSitanggang/MiniProjectGo/repositories/repo_inptaktip.go:64.2,64.23 1 0
github.com/MichaelSitanggang/MiniProjectGo/repositories/userRepo.go:17.40,19.2 1 0
github.com/MichaelSitanggang/MiniProjectGo/repositories/userRepo.go:21.59,22.49 1 0
github.com/MichaelSitanggang/MiniProjectGo/repositories/userRepo.go:22.49,24.3 1 0
github.com/MichaelSitanggang/MiniProjectGo/repositories/userRepo.go:25.2,25.12 1 0
github.com/MichaelSitanggang/MiniProjectGo/repositories/userRepo.go:28.76,32.2 3 0
github.com/MichaelSitanggang/MiniProjectGo/routes/routes.go:9.220,17.2 6 0
github.com/MichaelSitanggang/MiniProjectGo/routes/routes.go:17.2,22.3 4 0
github.com/MichaelSitanggang/MiniProjectGo/routes/routes.go:24.2,26.2 3 0
github.com/MichaelSitanggang/MiniProjectGo/routes/routes.go:26.2,28.3 1 0
github.com/MichaelSitanggang/MiniProjectGo/routes/routes.go:30.2,32.2 3 0
github.com/MichaelSitanggang/MiniProjectGo/routes/routes.go:32.2,34.3 1 0
github.com/MichaelSitanggang/MiniProjectGo/routes/routes.go:36.2,38.2 3 0
github.com/MichaelSitanggang/MiniProjectGo/routes/routes.go:38.2,41.3 2 0
github.com/MichaelSitanggang/MiniProjectGo/routes/routes.go:42.2,42.10 1 0
github.com/MichaelSitanggang/MiniProjectGo/repositories/chat_repo.go:18.40,20.2 1 0
github.com/MichaelSitanggang/MiniProjectGo/repositories/chat_repo.go:22.55,24.2 1 0
github.com/MichaelSitanggang/MiniProjectGo/repositories/chat_repo.go:26.58,30.2 3 0
github.com/MichaelSitanggang/MiniProjectGo/repositories/repo_aktivitas.go:16.50,18.2 1 0
github.com/MichaelSitanggang/MiniProjectGo/repositories/repo_aktivitas.go:20.74,23.16 3 0
github.com/MichaelSitanggang/MiniProjectGo/repositories/repo_aktivitas.go:23.16,25.3 1 0
github.com/MichaelSitanggang/MiniProjectGo/repositories/repo_aktivitas.go:26.2,26.23 1 0
github.com/MichaelSitanggang/MiniProjectGo/repositories/repo_inptaktip.go:22.50,24.2 1 0
github.com/MichaelSitanggang/MiniProjectGo/repositories/repo_inptaktip.go:26.89,28.82 2 0
github.com/MichaelSitanggang/MiniProjectGo/repositories/repo_inptaktip.go:28.82,30.3 1 0
github.com/MichaelSitanggang/MiniProjectGo/repositories/repo_inptaktip.go:31.2,31.23 1 0
github.com/MichaelSitanggang/MiniProjectGo/repositories/repo_inptaktip.go:34.85,36.98 2 0
github.com/MichaelSitanggang/MiniProjectGo/repositories/repo_inptaktip.go:36.98,38.3 1 0
github.com/MichaelSitanggang/MiniProjectGo/repositories/repo_inptaktip.go:39.2,39.24 1 0
github.com/MichaelSitanggang/MiniProjectGo/repositories/repo_inptaktip.go:41.84,43.2 1 0
github.com/MichaelSitanggang/MiniProjectGo/repositories/repo_inptaktip.go:45.84,47.2 1 0
github.com/MichaelSitanggang/MiniProjectGo/repositories/repo_inptaktip.go:49.67,52.2 2 0
github.com/MichaelSitanggang/MiniProjectGo/repositories/repo_inptaktip.go:54.72,56.2 1 0
github.com/MichaelSitanggang/MiniProjectGo/repositories/repo_inptaktip.go:58.87,61.16 3 0
github.com/MichaelSitanggang/MiniProjectGo/repositories/repo_inptaktip.go:61.16,63.3 1 0
github.com/MichaelSitanggang/MiniProjectGo/repositories/repo_inptaktip.go:64.2,64.23 1 0
github.com/MichaelSitanggang/MiniProjectGo/repositories/userRepo.go:17.40,19.2 1 0
github.com/MichaelSitanggang/MiniProjectGo/repositories/userRepo.go:21.59,22.49 1 0
github.com/MichaelSitanggang/MiniProjectGo/repositories/userRepo.go:22.49,24.3 1 0
github.com/MichaelSitanggang/MiniProjectGo/repositories/userRepo.go:25.2,25.12 1 0
github.com/MichaelSitanggang/MiniProjectGo/repositories/userRepo.go:28.76,32.2 3 0
github.com/MichaelSitanggang/MiniProjectGo/repositories/mocks/aktivitas_repo.go:12.89,15.2 2 1
github.com/MichaelSitanggang/MiniProjectGo/repositories/mocks/aktivitas_repo.go:17.85,20.2 2 1
github.com/MichaelSitanggang/MiniProjectGo/repositories/mocks/aktivitas_repo.go:22.84,25.2 2 1
github.com/MichaelSitanggang/MiniProjectGo/repositories/mocks/aktivitas_repo.go:27.84,30.2 2 1
github.com/MichaelSitanggang/MiniProjectGo/repositories/mocks/aktivitas_repo.go:32.67,35.2 2 1
github.com/MichaelSitanggang/MiniProjectGo/repositories/mocks/aktivitas_repo.go:37.72,40.2 2 1
github.com/MichaelSitanggang/MiniProjectGo/repositories/mocks/aktivitas_repo.go:42.87,45.2 2 1
github.com/MichaelSitanggang/MiniProjectGo/services/aktivitasUseCase.go:16.74,18.2 1 0
github.com/MichaelSitanggang/MiniProjectGo/services/aktivitasUseCase.go:20.74,22.2 1 0
github.com/MichaelSitanggang/MiniProjectGo/services/chatUseCase.go:24.62,26.2 1 0
github.com/MichaelSitanggang/MiniProjectGo/services/chatUseCase.go:28.77,31.16 3 0
github.com/MichaelSitanggang/MiniProjectGo/services/chatUseCase.go:31.16,33.3 1 0
github.com/MichaelSitanggang/MiniProjectGo/services/chatUseCase.go:34.2,38.16 4 0
github.com/MichaelSitanggang/MiniProjectGo/services/chatUseCase.go:38.16,40.3 1 0
github.com/MichaelSitanggang/MiniProjectGo/services/chatUseCase.go:41.2,41.31 1 0
github.com/MichaelSitanggang/MiniProjectGo/services/chatUseCase.go:41.31,43.3 1 0
github.com/MichaelSitanggang/MiniProjectGo/services/chatUseCase.go:44.2,45.44 2 0
github.com/MichaelSitanggang/MiniProjectGo/services/chatUseCase.go:45.44,46.31 1 0
github.com/MichaelSitanggang/MiniProjectGo/services/chatUseCase.go:46.31,47.12 1 0
github.com/MichaelSitanggang/MiniProjectGo/services/chatUseCase.go:49.3,49.48 1 0
github.com/MichaelSitanggang/MiniProjectGo/services/chatUseCase.go:49.48,51.4 1 0
github.com/MichaelSitanggang/MiniProjectGo/services/chatUseCase.go:53.2,57.49 2 0
github.com/MichaelSitanggang/MiniProjectGo/services/chatUseCase.go:57.49,59.3 1 0
github.com/MichaelSitanggang/MiniProjectGo/services/chatUseCase.go:61.2,61.18 1 0
github.com/MichaelSitanggang/MiniProjectGo/services/chatUseCase.go:65.64,67.2 1 0
github.com/MichaelSitanggang/MiniProjectGo/services/inputUsecase.go:22.68,24.2 1 1
github.com/MichaelSitanggang/MiniProjectGo/services/inputUsecase.go:26.81,28.2 1 1
github.com/MichaelSitanggang/MiniProjectGo/services/inputUsecase.go:30.92,34.60 3 1
github.com/MichaelSitanggang/MiniProjectGo/services/inputUsecase.go:34.60,36.3 1 0
github.com/MichaelSitanggang/MiniProjectGo/services/inputUsecase.go:39.2,46.57 2 1
github.com/MichaelSitanggang/MiniProjectGo/services/inputUsecase.go:46.57,48.3 1 0
github.com/MichaelSitanggang/MiniProjectGo/services/inputUsecase.go:50.2,50.12 1 1
github.com/MichaelSitanggang/MiniProjectGo/services/inputUsecase.go:53.100,56.16 2 1
github.com/MichaelSitanggang/MiniProjectGo/services/inputUsecase.go:56.16,58.3 1 0
github.com/MichaelSitanggang/MiniProjectGo/services/inputUsecase.go:59.2,63.57 4 1
github.com/MichaelSitanggang/MiniProjectGo/services/inputUsecase.go:63.57,65.3 1 0
github.com/MichaelSitanggang/MiniProjectGo/services/inputUsecase.go:66.2,74.41 2 1
github.com/MichaelSitanggang/MiniProjectGo/services/inputUsecase.go:77.63,79.2 1 1
github.com/MichaelSitanggang/MiniProjectGo/services/inputUsecase.go:81.80,83.2 1 1
github.com/MichaelSitanggang/MiniProjectGo/services/userUsecase.go:17.61,19.2 1 0
github.com/MichaelSitanggang/MiniProjectGo/services/userUsecase.go:21.63,23.2 1 0
github.com/MichaelSitanggang/MiniProjectGo/services/userUsecase.go:25.80,27.16 2 0
github.com/MichaelSitanggang/MiniProjectGo/services/userUsecase.go:27.16,29.3 1 0
github.com/MichaelSitanggang/MiniProjectGo/services/userUsecase.go:30.2,30.31 1 0
github.com/MichaelSitanggang/MiniProjectGo/services/userUsecase.go:30.31,32.3 1 0
github.com/MichaelSitanggang/MiniProjectGo/services/userUsecase.go:33.2,33.18 1 0
